#
# There is insufficient memory for the Java Runtime Environment to continue.
# Native memory allocation (malloc) failed to allocate 1048576 bytes for AllocateHeap
# Possible reasons:
#   The system is out of physical RAM or swap space
#   The process is running with CompressedOops enabled, and the Java Heap may be blocking the growth of the native heap
# Possible solutions:
#   Reduce memory load on the system
#   Increase physical memory or swap space
#   Check if swap backing store is full
#   Decrease Java heap size (-Xmx/-Xms)
#   Decrease number of Java threads
#   Decrease Java thread stack sizes (-Xss)
#   Set larger code cache with -XX:ReservedCodeCacheSize=
#   JVM is running with Unscaled Compressed Oops mode in which the Java heap is
#     placed in the first 4GB address space. The Java Heap base address is the
#     maximum limit for the native heap growth. Please use -XX:HeapBaseMinAddress
#     to set the Java Heap base and to place the Java Heap above 4GB virtual address.
# This output file may be truncated or incomplete.
#
#  Out of Memory Error (allocation.cpp:44), pid=20460, tid=18516
#
# JRE version:  (17.0.6+10) (build )
# Java VM: OpenJDK 64-Bit Server VM (17.0.6+10, mixed mode, sharing, tiered, compressed oops, compressed class ptrs, g1 gc, windows-amd64)
# No core dump will be written. Minidumps are not enabled by default on client versions of Windows
#

---------------  S U M M A R Y ------------

Command Line: -ea -Dfile.encoding=UTF-8 -XX:+ShowCodeDetailsInExceptionMessages org.testng.remote.RemoteTestNG -serport 58794 -protocol json -d D:\selenium\RestAssuredTraining\test-output C:\Users\Srivastav\AppData\Local\Temp\testng-eclipse--276442645\testng-customsuite.xml

Host: Intel(R) Core(TM) i7-8750H CPU @ 2.20GHz, 12 cores, 7G,  Windows 11 , 64 bit Build 22621 (10.0.22621.2506)
Time: Tue Dec  5 14:19:31 2023 India Standard Time elapsed time: 0.047191 seconds (0d 0h 0m 0s)

---------------  T H R E A D  ---------------

Current thread (0x0000024f3c833de0):  JavaThread "Unknown thread" [_thread_in_vm, id=18516, stack(0x0000009b89d00000,0x0000009b89e00000)]

Stack: [0x0000009b89d00000,0x0000009b89e00000]
Native frames: (J=compiled Java code, j=interpreted, Vv=VM code, C=native code)
V  [jvm.dll+0x67741a]
V  [jvm.dll+0x834434]
V  [jvm.dll+0x835bde]
V  [jvm.dll+0x836243]
V  [jvm.dll+0x2457b5]
V  [jvm.dll+0xa626f]
V  [jvm.dll+0x2e4837]
V  [jvm.dll+0x2dc6bb]
V  [jvm.dll+0x806131]
V  [jvm.dll+0x369331]
V  [jvm.dll+0x7e56ac]
V  [jvm.dll+0x3eb35f]
V  [jvm.dll+0x3ecea1]
C  [jli.dll+0x5267]
C  [ucrtbase.dll+0x29363]
C  [KERNEL32.DLL+0x1257d]
C  [ntdll.dll+0x5aa58]


---------------  P R O C E S S  ---------------

Threads class SMR info:
_java_thread_list=0x00007ffb82f35fd8, length=0, elements={
}

Java Threads: ( => current thread )

Other Threads:
  0x0000024f3c88d160 GCTaskThread "GC Thread#0" [stack: 0x0000009b89e00000,0x0000009b89f00000] [id=4652]

[error occurred during error reporting (printing all threads), id 0xc0000005, EXCEPTION_ACCESS_VIOLATION (0xc0000005) at pc=0x00007ffb827097c0]

VM state: not at safepoint (not fully initialized)

VM Mutex/Monitor currently owned by a thread:  ([mutex/lock_event])
[0x0000024f3c8304e0] Heap_lock - owner thread: 0x0000024f3c833de0

Heap address: 0x0000000082200000, size: 2014 MB, Compressed Oops mode: 32-bit

CDS archive(s) mapped at: [0x0000000000000000-0x0000000000000000-0x0000000000000000), size 0, SharedBaseAddress: 0x0000000800000000, ArchiveRelocationMode: 0.
Narrow klass base: 0x0000000000000000, Narrow klass shift: 0, Narrow klass range: 0x0

GC Precious Log:
<Empty>

Heap:
 garbage-first heap   total 0K, used 0K [0x0000000082200000, 0x0000000100000000)
  region size 1024K, 0 young (0K), 0 survivors (0K)

[error occurred during error reporting (printing heap information), id 0xc0000005, EXCEPTION_ACCESS_VIOLATION (0xc0000005) at pc=0x00007ffb82af06f9]

GC Heap History (0 events):
No events

Dll operation events (1 events):
Event: 0.030 Loaded shared library C:\Users\Srivastav\.p2\pool\plugins\org.eclipse.justj.openjdk.hotspot.jre.full.win32.x86_64_17.0.6.v20230204-1729\jre\bin\java.dll

Deoptimization events (0 events):
No events

Classes unloaded (0 events):
No events

Classes redefined (0 events):
No events

Internal exceptions (0 events):
No events

VM Operations (0 events):
No events

Events (0 events):
No events


Dynamic libraries:
0x00007ff72c870000 - 0x00007ff72c87e000 	C:\Users\Srivastav\.p2\pool\plugins\org.eclipse.justj.openjdk.hotspot.jre.full.win32.x86_64_17.0.6.v20230204-1729\jre\bin\javaw.exe
0x00007ffbf9d30000 - 0x00007ffbf9f47000 	C:\WINDOWS\SYSTEM32\ntdll.dll
0x00007ffbf7a80000 - 0x00007ffbf7b44000 	C:\WINDOWS\System32\KERNEL32.DLL
0x00007ffbf7160000 - 0x00007ffbf7505000 	C:\WINDOWS\System32\KERNELBASE.dll
0x00007ffbf7510000 - 0x00007ffbf7621000 	C:\WINDOWS\System32\ucrtbase.dll
0x00007ffbf16c0000 - 0x00007ffbf16d7000 	C:\Users\Srivastav\.p2\pool\plugins\org.eclipse.justj.openjdk.hotspot.jre.full.win32.x86_64_17.0.6.v20230204-1729\jre\bin\jli.dll
0x00007ffbf16a0000 - 0x00007ffbf16b9000 	C:\Users\Srivastav\.p2\pool\plugins\org.eclipse.justj.openjdk.hotspot.jre.full.win32.x86_64_17.0.6.v20230204-1729\jre\bin\VCRUNTIME140.dll
0x00007ffbf7c70000 - 0x00007ffbf7e1e000 	C:\WINDOWS\System32\USER32.dll
0x00007ffbf79d0000 - 0x00007ffbf79f6000 	C:\WINDOWS\System32\win32u.dll
0x00007ffbd8f40000 - 0x00007ffbd91d3000 	C:\WINDOWS\WinSxS\amd64_microsoft.windows.common-controls_6595b64144ccf1df_6.0.22621.2506_none_270c5ae97388e100\COMCTL32.dll
0x00007ffbf8850000 - 0x00007ffbf8879000 	C:\WINDOWS\System32\GDI32.dll
0x00007ffbf8c30000 - 0x00007ffbf8cd7000 	C:\WINDOWS\System32\msvcrt.dll
0x00007ffbf7740000 - 0x00007ffbf7859000 	C:\WINDOWS\System32\gdi32full.dll
0x00007ffbf7630000 - 0x00007ffbf76ca000 	C:\WINDOWS\System32\msvcp_win.dll
0x00007ffbf8b60000 - 0x00007ffbf8b91000 	C:\WINDOWS\System32\IMM32.DLL
0x00007ffbf22d0000 - 0x00007ffbf22dc000 	C:\Users\Srivastav\.p2\pool\plugins\org.eclipse.justj.openjdk.hotspot.jre.full.win32.x86_64_17.0.6.v20230204-1729\jre\bin\vcruntime140_1.dll
0x00007ffbcabf0000 - 0x00007ffbcac81000 	C:\Users\Srivastav\.p2\pool\plugins\org.eclipse.justj.openjdk.hotspot.jre.full.win32.x86_64_17.0.6.v20230204-1729\jre\bin\msvcp140.dll
0x00007ffb82420000 - 0x00007ffb83067000 	C:\Users\Srivastav\.p2\pool\plugins\org.eclipse.justj.openjdk.hotspot.jre.full.win32.x86_64_17.0.6.v20230204-1729\jre\bin\server\jvm.dll
0x00007ffbf8790000 - 0x00007ffbf8841000 	C:\WINDOWS\System32\ADVAPI32.dll
0x00007ffbf9b50000 - 0x00007ffbf9bf6000 	C:\WINDOWS\System32\sechost.dll
0x00007ffbf7b50000 - 0x00007ffbf7c67000 	C:\WINDOWS\System32\RPCRT4.dll
0x00007ffbdb920000 - 0x00007ffbdb929000 	C:\WINDOWS\SYSTEM32\WSOCK32.dll
0x00007ffbefb90000 - 0x00007ffbefb9a000 	C:\WINDOWS\SYSTEM32\VERSION.dll
0x00007ffbf04e0000 - 0x00007ffbf0514000 	C:\WINDOWS\SYSTEM32\WINMM.dll
0x00007ffbf9c70000 - 0x00007ffbf9ce1000 	C:\WINDOWS\System32\WS2_32.dll
0x00007ffbf6100000 - 0x00007ffbf6118000 	C:\WINDOWS\SYSTEM32\kernel.appcore.dll
0x00007ffbf1a00000 - 0x00007ffbf1a0a000 	C:\Users\Srivastav\.p2\pool\plugins\org.eclipse.justj.openjdk.hotspot.jre.full.win32.x86_64_17.0.6.v20230204-1729\jre\bin\jimage.dll
0x00007ffbf4a00000 - 0x00007ffbf4c33000 	C:\WINDOWS\SYSTEM32\DBGHELP.DLL
0x00007ffbf92c0000 - 0x00007ffbf9649000 	C:\WINDOWS\System32\combase.dll
0x00007ffbf9960000 - 0x00007ffbf9a37000 	C:\WINDOWS\System32\OLEAUT32.dll
0x00007ffbcf3d0000 - 0x00007ffbcf402000 	C:\WINDOWS\SYSTEM32\dbgcore.DLL
0x00007ffbf7a00000 - 0x00007ffbf7a7a000 	C:\WINDOWS\System32\bcryptPrimitives.dll
0x00007ffbd37e0000 - 0x00007ffbd3805000 	C:\Users\Srivastav\.p2\pool\plugins\org.eclipse.justj.openjdk.hotspot.jre.full.win32.x86_64_17.0.6.v20230204-1729\jre\bin\java.dll

dbghelp: loaded successfully - version: 4.0.5 - missing functions: none
symbol engine: initialized successfully - sym options: 0x614 - pdb path: .;C:\Users\Srivastav\.p2\pool\plugins\org.eclipse.justj.openjdk.hotspot.jre.full.win32.x86_64_17.0.6.v20230204-1729\jre\bin;C:\WINDOWS\SYSTEM32;C:\WINDOWS\WinSxS\amd64_microsoft.windows.common-controls_6595b64144ccf1df_6.0.22621.2506_none_270c5ae97388e100;C:\Users\Srivastav\.p2\pool\plugins\org.eclipse.justj.openjdk.hotspot.jre.full.win32.x86_64_17.0.6.v20230204-1729\jre\bin\server

VM Arguments:
jvm_args: -ea -Dfile.encoding=UTF-8 -XX:+ShowCodeDetailsInExceptionMessages 
java_command: org.testng.remote.RemoteTestNG -serport 58794 -protocol json -d D:\selenium\RestAssuredTraining\test-output C:\Users\Srivastav\AppData\Local\Temp\testng-eclipse--276442645\testng-customsuite.xml
java_class_path (initial): C:\Users\Srivastav\eclipse\java-2022-12\eclipse\configuration\org.eclipse.osgi\777\0\.cp\lib\testng-remote.jar;D:\selenium\RestAssuredTraining\target\test-classes;D:\selenium\RestAssuredTraining\target\classes;C:\Users\Srivastav\.m2\repository\io\rest-assured\rest-assured\5.3.2\rest-assured-5.3.2.jar;C:\Users\Srivastav\.m2\repository\org\apache\groovy\groovy\4.0.11\groovy-4.0.11.jar;C:\Users\Srivastav\.m2\repository\org\apache\groovy\groovy-xml\4.0.11\groovy-xml-4.0.11.jar;C:\Users\Srivastav\.m2\repository\org\apache\httpcomponents\httpclient\4.5.13\httpclient-4.5.13.jar;C:\Users\Srivastav\.m2\repository\org\apache\httpcomponents\httpcore\4.4.13\httpcore-4.4.13.jar;C:\Users\Srivastav\.m2\repository\commons-logging\commons-logging\1.2\commons-logging-1.2.jar;C:\Users\Srivastav\.m2\repository\commons-codec\commons-codec\1.11\commons-codec-1.11.jar;C:\Users\Srivastav\.m2\repository\org\apache\httpcomponents\httpmime\4.5.13\httpmime-4.5.13.jar;C:\Users\Srivastav\.m2\repository\org\hamcrest\hamcrest\2.2\hamcrest-2.2.jar;C:\Users\Srivastav\.m2\repository\org\ccil\cowan\tagsoup\tagsoup\1.2.1\tagsoup-1.2.1.jar;C:\Users\Srivastav\.m2\repository\io\rest-assured\xml-path\5.3.2\xml-path-5.3.2.jar;C:\Users\Srivastav\.m2\repository\org\apache\commons\commons-lang3\3.11\commons-lang3-3.11.jar;C:\Users\Srivastav\.m2\repository\io\rest-assured\json-path\5.3.2\json-path-5.3.2.jar;C:\Users\Srivastav\.m2\repository\org\apache\groovy\groovy-json\4.0.11\groovy-json-4.0.11.jar;C:\Users\Srivastav\.m2\repository\io\rest-assured\rest-assured-common\5.3.2\rest-assured-common-5.3.2.jar;C:\Users\Srivastav\.m2\repository\org\json\json\20231013\json-20231013.jar;C:\Users\Srivastav\.m2\repository\com\google\code\gson\gson\2.10.1\gson-2.10.1.jar;C:\Users\Srivastav\.m2\repository\com\github\scribejava\scribejava-apis\8.3.3\scribejava-apis-8.3.3.jar;C:\Users\Srivastav\.m2\repository\com\github\scribejava\scribejava-core\8.3.3\scribejava-core-8.3.3.jar;C:\Users\Srivastav\.
Launcher Type: SUN_STANDARD

[Global flags]
     intx CICompilerCount                          = 4                                         {product} {ergonomic}
     uint ConcGCThreads                            = 3                                         {product} {ergonomic}
     uint G1ConcRefinementThreads                  = 10                                        {product} {ergonomic}
   size_t G1HeapRegionSize                         = 1048576                                   {product} {ergonomic}
    uintx GCDrainStackTargetSize                   = 64                                        {product} {ergonomic}
   size_t InitialHeapSize                          = 132120576                                 {product} {ergonomic}
   size_t MarkStackSize                            = 4194304                                   {product} {ergonomic}
   size_t MaxHeapSize                              = 2111832064                                {product} {ergonomic}
   size_t MinHeapDeltaBytes                        = 1048576                                   {product} {ergonomic}
   size_t MinHeapSize                              = 8388608                                   {product} {ergonomic}
    uintx NonNMethodCodeHeapSize                   = 5839372                                {pd product} {ergonomic}
    uintx NonProfiledCodeHeapSize                  = 122909434                              {pd product} {ergonomic}
    uintx ProfiledCodeHeapSize                     = 122909434                              {pd product} {ergonomic}
    uintx ReservedCodeCacheSize                    = 251658240                              {pd product} {ergonomic}
     bool SegmentedCodeCache                       = true                                      {product} {ergonomic}
     bool ShowCodeDetailsInExceptionMessages       = true                                   {manageable} {command line}
   size_t SoftMaxHeapSize                          = 2111832064                             {manageable} {ergonomic}
     bool UseCompressedClassPointers               = true                           {product lp64_product} {ergonomic}
     bool UseCompressedOops                        = true                           {product lp64_product} {ergonomic}
     bool UseG1GC                                  = true                                      {product} {ergonomic}
     bool UseLargePagesIndividualAllocation        = false                                  {pd product} {ergonomic}

Logging:
Log output configuration:
 #0: stdout all=warning uptime,level,tags
 #1: stderr all=off uptime,level,tags

Environment Variables:
JAVA_HOME=C:\Program Files\Java\jdk-17
PATH=C:/Users/Srivastav/.p2/pool/plugins/org.eclipse.justj.openjdk.hotspot.jre.full.win32.x86_64_17.0.6.v20230204-1729/jre/bin/server;C:/Users/Srivastav/.p2/pool/plugins/org.eclipse.justj.openjdk.hotspot.jre.full.win32.x86_64_17.0.6.v20230204-1729/jre/bin;C:\Program Files\Common Files\Oracle\Java\javapath;C:\Program Files\Git\cmd;D:\selenium drivers,jars\maven\apache-maven-3.8.8\bin;C:\Program Files\Java\jdk-17\bin;C:\Program Files\php-8.2.4-Win32-vs16-x64;C:\Program Files\Microsoft SQL Server\150\Tools\Binn\;C:\Program Files\dotnet\;C:\Program Files\NVIDIA Corporation\NVIDIA NvDLISR;D:\nodejs\;C:\Users\Srivastav\AppData\Local\Programs\Python\Python38-32\Scripts\;C:\Users\Srivastav\AppData\Local\Programs\Python\Python38-32\;C:\Users\Srivastav\AppData\Local\Microsoft\WindowsApps;C:\Users\Srivastav\.dotnet\tools;C:\Users\Srivastav\AppData\Local\GitHubDesktop\bin;C:\Users\Srivastav\AppData\Roaming\npm;D:\Users\Srivastav\Desktop;
USERNAME=17211a0320@gmail.com
OS=Windows_NT
PROCESSOR_IDENTIFIER=Intel64 Family 6 Model 158 Stepping 10, GenuineIntel
TMP=C:\Users\Srivastav\AppData\Local\Temp
TEMP=C:\Users\Srivastav\AppData\Local\Temp



---------------  S Y S T E M  ---------------

OS:
 Windows 11 , 64 bit Build 22621 (10.0.22621.2506)
OS uptime: 2 days 20:54 hours

CPU: total 12 (initial active 12) (6 cores per cpu, 2 threads per core) family 6 model 158 stepping 10 microcode 0xf0, cx8, cmov, fxsr, ht, mmx, 3dnowpref, sse, sse2, sse3, ssse3, sse4.1, sse4.2, popcnt, lzcnt, tsc, tscinvbit, avx, avx2, aes, erms, clmul, bmi1, bmi2, adx, fma, vzeroupper, clflush, clflushopt

Memory: 4k page, system-wide physical 8050M (395M free)
TotalPageFile size 21497M (AvailPageFile size 4M)
current process WorkingSet (physical memory assigned to process): 11M, peak: 11M
current process commit charge ("private bytes"): 55M, peak: 56M

vm_info: OpenJDK 64-Bit Server VM (17.0.6+10) for windows-amd64 JRE (17.0.6+10), built on Jan 18 2023 10:08:59 by "temurin" with MS VC++ 16.7 (VS2019)

END.
